<?xml version="1.0" encoding="UTF-8"?>
<!-- Generated by org.testng.reporters.JUnitXMLReporter -->
<testsuite hostname="WINCTRL-0U6H77H" ignored="1" name="hms App test" tests="5" failures="0" timestamp="21 Sep 2018 11:27:51 GMT" time="192.57" errors="0">
  <testcase name="clickOnRegstrnLinkTest" time="3.41" classname="com.qa.hms.testcases.HomePageTest"/>
  <testcase name="verifytitleTest" time="0.038" classname="com.qa.hms.testcases.LoginPageTest"/>
  <testcase name="VerifyTitleTest" time="0.023" classname="com.qa.hms.testcases.HomePageTest"/>
  <testcase name="verifyloginTest" time="2.019" classname="com.qa.hms.testcases.LoginPageTest"/>
  <testcase name="verifyImageTest" time="0.131" classname="com.qa.hms.testcases.HomePageTest"/>
  <testcase name="clickonFeedbackFormPageTest" time="0.0" classname="com.qa.hms.testcases.HomePageTest">
    <ignored/>
  </testcase> <!-- clickonFeedbackFormPageTest -->
</testsuite> <!-- hms App test -->
